<?xml version="1.0" encoding="UTF-8"?>
<coverage generated="1721848940611" clover="3.2.0">
  <project timestamp="1721848940611" name="All files">
    <metrics statements="109" coveredstatements="88" conditionals="36" coveredconditionals="19" methods="17" coveredmethods="17" elements="162" coveredelements="124" complexity="0" loc="109" ncloc="109" packages="1" files="3" classes="3"/>
    <file name="db.js" path="D:\web\Internship\WebMobi\db.js">
      <metrics statements="33" coveredstatements="24" conditionals="8" coveredconditionals="4" methods="5" coveredmethods="5"/>
      <line num="1" count="1" type="stmt"/>
      <line num="2" count="1" type="stmt"/>
      <line num="4" count="1" type="stmt"/>
      <line num="7" count="1" type="stmt"/>
      <line num="16" count="1" type="stmt"/>
      <line num="21" count="1" type="stmt"/>
      <line num="23" count="1" type="stmt"/>
      <line num="25" count="1" type="stmt"/>
      <line num="26" count="1" type="cond" truecount="1" falsecount="1"/>
      <line num="27" count="0" type="stmt"/>
      <line num="28" count="0" type="stmt"/>
      <line num="30" count="1" type="stmt"/>
      <line num="33" count="1" type="stmt"/>
      <line num="34" count="1" type="cond" truecount="1" falsecount="1"/>
      <line num="35" count="0" type="stmt"/>
      <line num="36" count="0" type="stmt"/>
      <line num="37" count="0" type="stmt"/>
      <line num="39" count="1" type="stmt"/>
      <line num="42" count="1" type="stmt"/>
      <line num="44" count="1" type="stmt"/>
      <line num="45" count="1" type="cond" truecount="1" falsecount="1"/>
      <line num="46" count="0" type="stmt"/>
      <line num="47" count="0" type="stmt"/>
      <line num="49" count="1" type="stmt"/>
      <line num="52" count="1" type="stmt"/>
      <line num="60" count="1" type="stmt"/>
      <line num="61" count="1" type="cond" truecount="1" falsecount="1"/>
      <line num="62" count="0" type="stmt"/>
      <line num="63" count="0" type="stmt"/>
      <line num="65" count="1" type="stmt"/>
      <line num="66" count="1" type="stmt"/>
      <line num="67" count="1" type="stmt"/>
      <line num="74" count="1" type="stmt"/>
    </file>
    <file name="index.js" path="D:\web\Internship\WebMobi\index.js">
      <metrics statements="59" coveredstatements="50" conditionals="22" coveredconditionals="11" methods="11" coveredmethods="11"/>
      <line num="1" count="1" type="stmt"/>
      <line num="2" count="1" type="stmt"/>
      <line num="3" count="1" type="stmt"/>
      <line num="4" count="1" type="stmt"/>
      <line num="5" count="1" type="stmt"/>
      <line num="6" count="1" type="stmt"/>
      <line num="7" count="1" type="stmt"/>
      <line num="8" count="1" type="stmt"/>
      <line num="10" count="1" type="stmt"/>
      <line num="12" count="1" type="stmt"/>
      <line num="13" count="1" type="stmt"/>
      <line num="16" count="1" type="stmt"/>
      <line num="19" count="1" type="stmt"/>
      <line num="28" count="1" type="stmt"/>
      <line num="31" count="1" type="stmt"/>
      <line num="32" count="1" type="stmt"/>
      <line num="35" count="1" type="stmt"/>
      <line num="39" count="1" type="cond" truecount="1" falsecount="1"/>
      <line num="40" count="1" type="cond" truecount="1" falsecount="1"/>
      <line num="41" count="0" type="stmt"/>
      <line num="47" count="1" type="stmt"/>
      <line num="50" count="1" type="stmt"/>
      <line num="54" count="1" type="cond" truecount="1" falsecount="1"/>
      <line num="57" count="1" type="stmt"/>
      <line num="60" count="1" type="stmt"/>
      <line num="67" count="1" type="stmt"/>
      <line num="71" count="1" type="cond" truecount="1" falsecount="1"/>
      <line num="73" count="1" type="stmt"/>
      <line num="88" count="1" type="stmt"/>
      <line num="89" count="1" type="stmt"/>
      <line num="92" count="1" type="stmt"/>
      <line num="96" count="1" type="cond" truecount="1" falsecount="1"/>
      <line num="97" count="1" type="cond" truecount="1" falsecount="1"/>
      <line num="98" count="0" type="stmt"/>
      <line num="103" count="1" type="stmt"/>
      <line num="106" count="1" type="stmt"/>
      <line num="107" count="1" type="cond" truecount="1" falsecount="1"/>
      <line num="108" count="0" type="stmt"/>
      <line num="114" count="1" type="stmt"/>
      <line num="119" count="1" type="stmt"/>
      <line num="130" count="1" type="stmt"/>
      <line num="131" count="1" type="cond" truecount="1" falsecount="1"/>
      <line num="132" count="0" type="stmt"/>
      <line num="135" count="1" type="stmt"/>
      <line num="139" count="1" type="cond" truecount="1" falsecount="1"/>
      <line num="140" count="0" type="stmt"/>
      <line num="141" count="0" type="stmt"/>
      <line num="146" count="1" type="cond" truecount="1" falsecount="1"/>
      <line num="147" count="0" type="stmt"/>
      <line num="152" count="1" type="stmt"/>
      <line num="158" count="1" type="stmt"/>
      <line num="159" count="1" type="stmt"/>
      <line num="160" count="1" type="cond" truecount="1" falsecount="1"/>
      <line num="161" count="0" type="stmt"/>
      <line num="162" count="0" type="stmt"/>
      <line num="165" count="1" type="stmt"/>
      <line num="166" count="1" type="stmt"/>
      <line num="167" count="1" type="stmt"/>
      <line num="172" count="1" type="stmt"/>
    </file>
    <file name="middleware.js" path="D:\web\Internship\WebMobi\middleware.js">
      <metrics statements="17" coveredstatements="14" conditionals="6" coveredconditionals="4" methods="1" coveredmethods="1"/>
      <line num="1" count="1" type="stmt"/>
      <line num="4" count="1" type="stmt"/>
      <line num="7" count="1" type="stmt"/>
      <line num="9" count="2" type="stmt"/>
      <line num="11" count="2" type="cond" truecount="1" falsecount="1"/>
      <line num="12" count="0" type="stmt"/>
      <line num="15" count="2" type="stmt"/>
      <line num="16" count="2" type="stmt"/>
      <line num="17" count="2" type="cond" truecount="2" falsecount="0"/>
      <line num="18" count="1" type="stmt"/>
      <line num="21" count="1" type="stmt"/>
      <line num="22" count="1" type="cond" truecount="1" falsecount="1"/>
      <line num="23" count="0" type="stmt"/>
      <line num="27" count="1" type="stmt"/>
      <line num="30" count="1" type="stmt"/>
      <line num="32" count="0" type="stmt"/>
      <line num="36" count="1" type="stmt"/>
    </file>
  </project>
</coverage>
