{"D:\\web\\Internship\\WebMobi\\db.js": {"path":"D:\\web\\Internship\\WebMobi\\db.js","statementMap":{"0":{"start":{"line":1,"column":14},"end":{"line":1,"column":31}},"1":{"start":{"line":2,"column":15},"end":{"line":2,"column":32}},"2":{"start":{"line":4,"column":0},"end":{"line":4,"column":16}},"3":{"start":{"line":7,"column":24},"end":{"line":13,"column":1}},"4":{"start":{"line":16,"column":29},"end":{"line":19,"column":1}},"5":{"start":{"line":21,"column":27},"end":{"line":72,"column":1}},"6":{"start":{"line":23,"column":20},"end":{"line":23,"column":59}},"7":{"start":{"line":25,"column":2},"end":{"line":71,"column":5}},"8":{"start":{"line":26,"column":4},"end":{"line":29,"column":5}},"9":{"start":{"line":27,"column":6},"end":{"line":27,"column":62}},"10":{"start":{"line":28,"column":6},"end":{"line":28,"column":27}},"11":{"start":{"line":30,"column":4},"end":{"line":30,"column":46}},"12":{"start":{"line":33,"column":4},"end":{"line":70,"column":7}},"13":{"start":{"line":34,"column":6},"end":{"line":38,"column":7}},"14":{"start":{"line":35,"column":8},"end":{"line":35,"column":54}},"15":{"start":{"line":36,"column":8},"end":{"line":36,"column":24}},"16":{"start":{"line":37,"column":8},"end":{"line":37,"column":29}},"17":{"start":{"line":39,"column":6},"end":{"line":39,"column":57}},"18":{"start":{"line":42,"column":17},"end":{"line":42,"column":61}},"19":{"start":{"line":44,"column":6},"end":{"line":69,"column":9}},"20":{"start":{"line":45,"column":8},"end":{"line":48,"column":9}},"21":{"start":{"line":46,"column":10},"end":{"line":46,"column":58}},"22":{"start":{"line":47,"column":10},"end":{"line":47,"column":31}},"23":{"start":{"line":49,"column":8},"end":{"line":49,"column":52}},"24":{"start":{"line":52,"column":31},"end":{"line":59,"column":17}},"25":{"start":{"line":60,"column":8},"end":{"line":68,"column":11}},"26":{"start":{"line":61,"column":10},"end":{"line":64,"column":11}},"27":{"start":{"line":62,"column":12},"end":{"line":62,"column":55}},"28":{"start":{"line":63,"column":12},"end":{"line":63,"column":33}},"29":{"start":{"line":65,"column":10},"end":{"line":65,"column":40}},"30":{"start":{"line":66,"column":10},"end":{"line":66,"column":19}},"31":{"start":{"line":67,"column":10},"end":{"line":67,"column":25}},"32":{"start":{"line":74,"column":0},"end":{"line":74,"column":36}}},"fnMap":{"0":{"name":"(anonymous_0)","decl":{"start":{"line":21,"column":27},"end":{"line":21,"column":28}},"loc":{"start":{"line":21,"column":41},"end":{"line":72,"column":1}},"line":21},"1":{"name":"(anonymous_1)","decl":{"start":{"line":25,"column":20},"end":{"line":25,"column":21}},"loc":{"start":{"line":25,"column":29},"end":{"line":71,"column":3}},"line":25},"2":{"name":"(anonymous_2)","decl":{"start":{"line":33,"column":65},"end":{"line":33,"column":66}},"loc":{"start":{"line":33,"column":74},"end":{"line":70,"column":5}},"line":33},"3":{"name":"(anonymous_3)","decl":{"start":{"line":44,"column":17},"end":{"line":44,"column":18}},"loc":{"start":{"line":44,"column":26},"end":{"line":69,"column":7}},"line":44},"4":{"name":"(anonymous_4)","decl":{"start":{"line":60,"column":33},"end":{"line":60,"column":34}},"loc":{"start":{"line":60,"column":51},"end":{"line":68,"column":9}},"line":60}},"branchMap":{"0":{"loc":{"start":{"line":26,"column":4},"end":{"line":29,"column":5}},"type":"if","locations":[{"start":{"line":26,"column":4},"end":{"line":29,"column":5}},{"start":{},"end":{}}],"line":26},"1":{"loc":{"start":{"line":34,"column":6},"end":{"line":38,"column":7}},"type":"if","locations":[{"start":{"line":34,"column":6},"end":{"line":38,"column":7}},{"start":{},"end":{}}],"line":34},"2":{"loc":{"start":{"line":45,"column":8},"end":{"line":48,"column":9}},"type":"if","locations":[{"start":{"line":45,"column":8},"end":{"line":48,"column":9}},{"start":{},"end":{}}],"line":45},"3":{"loc":{"start":{"line":61,"column":10},"end":{"line":64,"column":11}},"type":"if","locations":[{"start":{"line":61,"column":10},"end":{"line":64,"column":11}},{"start":{},"end":{}}],"line":61}},"s":{"0":1,"1":1,"2":1,"3":1,"4":1,"5":1,"6":1,"7":1,"8":1,"9":0,"10":0,"11":1,"12":1,"13":1,"14":0,"15":0,"16":0,"17":1,"18":1,"19":1,"20":1,"21":0,"22":0,"23":1,"24":1,"25":1,"26":1,"27":0,"28":0,"29":1,"30":1,"31":1,"32":1},"f":{"0":1,"1":1,"2":1,"3":1,"4":1},"b":{"0":[0,1],"1":[0,1],"2":[0,1],"3":[0,1]},"_coverageSchema":"1a1c01bbd47fc00a2c39e90264f33305004495a9","hash":"09661c9599e1c56adc277d5ba3fdaeef92567e6c"}
,"D:\\web\\Internship\\WebMobi\\index.js": {"path":"D:\\web\\Internship\\WebMobi\\index.js","statementMap":{"0":{"start":{"line":1,"column":16},"end":{"line":1,"column":34}},"1":{"start":{"line":2,"column":19},"end":{"line":2,"column":41}},"2":{"start":{"line":3,"column":15},"end":{"line":3,"column":34}},"3":{"start":{"line":4,"column":12},"end":{"line":4,"column":35}},"4":{"start":{"line":5,"column":14},"end":{"line":5,"column":31}},"5":{"start":{"line":6,"column":27},"end":{"line":6,"column":45}},"6":{"start":{"line":7,"column":15},"end":{"line":7,"column":32}},"7":{"start":{"line":8,"column":24},"end":{"line":8,"column":50}},"8":{"start":{"line":10,"column":0},"end":{"line":10,"column":16}},"9":{"start":{"line":12,"column":12},"end":{"line":12,"column":21}},"10":{"start":{"line":13,"column":13},"end":{"line":13,"column":17}},"11":{"start":{"line":16,"column":0},"end":{"line":16,"column":27}},"12":{"start":{"line":19,"column":29},"end":{"line":25,"column":1}},"13":{"start":{"line":28,"column":11},"end":{"line":28,"column":55}},"14":{"start":{"line":31,"column":0},"end":{"line":85,"column":3}},"15":{"start":{"line":32,"column":40},"end":{"line":32,"column":48}},"16":{"start":{"line":35,"column":2},"end":{"line":84,"column":4}},"17":{"start":{"line":39,"column":6},"end":{"line":39,"column":25}},"18":{"start":{"line":39,"column":15},"end":{"line":39,"column":25}},"19":{"start":{"line":40,"column":6},"end":{"line":44,"column":7}},"20":{"start":{"line":41,"column":8},"end":{"line":43,"column":69}},"21":{"start":{"line":47,"column":29},"end":{"line":47,"column":60}},"22":{"start":{"line":50,"column":6},"end":{"line":82,"column":8}},"23":{"start":{"line":54,"column":10},"end":{"line":54,"column":29}},"24":{"start":{"line":54,"column":19},"end":{"line":54,"column":29}},"25":{"start":{"line":57,"column":25},"end":{"line":57,"column":41}},"26":{"start":{"line":60,"column":24},"end":{"line":64,"column":11}},"27":{"start":{"line":67,"column":10},"end":{"line":80,"column":12}},"28":{"start":{"line":71,"column":14},"end":{"line":71,"column":33}},"29":{"start":{"line":71,"column":23},"end":{"line":71,"column":33}},"30":{"start":{"line":73,"column":14},"end":{"line":78,"column":17}},"31":{"start":{"line":88,"column":0},"end":{"line":127,"column":3}},"32":{"start":{"line":89,"column":30},"end":{"line":89,"column":38}},"33":{"start":{"line":92,"column":2},"end":{"line":126,"column":4}},"34":{"start":{"line":96,"column":6},"end":{"line":96,"column":25}},"35":{"start":{"line":96,"column":15},"end":{"line":96,"column":25}},"36":{"start":{"line":97,"column":6},"end":{"line":101,"column":7}},"37":{"start":{"line":98,"column":8},"end":{"line":100,"column":69}},"38":{"start":{"line":103,"column":19},"end":{"line":103,"column":29}},"39":{"start":{"line":106,"column":22},"end":{"line":106,"column":67}},"40":{"start":{"line":107,"column":6},"end":{"line":111,"column":7}},"41":{"start":{"line":108,"column":8},"end":{"line":110,"column":69}},"42":{"start":{"line":114,"column":20},"end":{"line":118,"column":7}},"43":{"start":{"line":119,"column":6},"end":{"line":124,"column":9}},"44":{"start":{"line":130,"column":0},"end":{"line":155,"column":3}},"45":{"start":{"line":131,"column":2},"end":{"line":133,"column":3}},"46":{"start":{"line":132,"column":4},"end":{"line":132,"column":79}},"47":{"start":{"line":135,"column":2},"end":{"line":154,"column":4}},"48":{"start":{"line":139,"column":6},"end":{"line":144,"column":7}},"49":{"start":{"line":140,"column":8},"end":{"line":140,"column":46}},"50":{"start":{"line":141,"column":8},"end":{"line":143,"column":64}},"51":{"start":{"line":146,"column":6},"end":{"line":150,"column":7}},"52":{"start":{"line":147,"column":8},"end":{"line":149,"column":64}},"53":{"start":{"line":152,"column":6},"end":{"line":152,"column":56}},"54":{"start":{"line":158,"column":22},"end":{"line":170,"column":2}},"55":{"start":{"line":159,"column":2},"end":{"line":169,"column":5}},"56":{"start":{"line":160,"column":4},"end":{"line":163,"column":5}},"57":{"start":{"line":161,"column":6},"end":{"line":161,"column":57}},"58":{"start":{"line":162,"column":6},"end":{"line":162,"column":25}},"59":{"start":{"line":165,"column":19},"end":{"line":168,"column":6}},"60":{"start":{"line":166,"column":6},"end":{"line":166,"column":52}},"61":{"start":{"line":167,"column":6},"end":{"line":167,"column":22}},"62":{"start":{"line":172,"column":0},"end":{"line":172,"column":40}}},"fnMap":{"0":{"name":"(anonymous_0)","decl":{"start":{"line":31,"column":22},"end":{"line":31,"column":23}},"loc":{"start":{"line":31,"column":42},"end":{"line":85,"column":1}},"line":31},"1":{"name":"(anonymous_1)","decl":{"start":{"line":38,"column":4},"end":{"line":38,"column":5}},"loc":{"start":{"line":38,"column":28},"end":{"line":83,"column":5}},"line":38},"2":{"name":"(anonymous_2)","decl":{"start":{"line":53,"column":8},"end":{"line":53,"column":9}},"loc":{"start":{"line":53,"column":26},"end":{"line":81,"column":9}},"line":53},"3":{"name":"(anonymous_3)","decl":{"start":{"line":70,"column":12},"end":{"line":70,"column":13}},"loc":{"start":{"line":70,"column":30},"end":{"line":79,"column":13}},"line":70},"4":{"name":"(anonymous_4)","decl":{"start":{"line":88,"column":19},"end":{"line":88,"column":20}},"loc":{"start":{"line":88,"column":33},"end":{"line":127,"column":1}},"line":88},"5":{"name":"(anonymous_5)","decl":{"start":{"line":95,"column":4},"end":{"line":95,"column":5}},"loc":{"start":{"line":95,"column":28},"end":{"line":125,"column":5}},"line":95},"6":{"name":"(anonymous_6)","decl":{"start":{"line":130,"column":37},"end":{"line":130,"column":38}},"loc":{"start":{"line":130,"column":51},"end":{"line":155,"column":1}},"line":130},"7":{"name":"(anonymous_7)","decl":{"start":{"line":138,"column":4},"end":{"line":138,"column":5}},"loc":{"start":{"line":138,"column":22},"end":{"line":153,"column":5}},"line":138},"8":{"name":"(anonymous_8)","decl":{"start":{"line":158,"column":34},"end":{"line":158,"column":35}},"loc":{"start":{"line":158,"column":55},"end":{"line":170,"column":1}},"line":158},"9":{"name":"(anonymous_9)","decl":{"start":{"line":159,"column":21},"end":{"line":159,"column":22}},"loc":{"start":{"line":159,"column":30},"end":{"line":169,"column":3}},"line":159},"10":{"name":"(anonymous_10)","decl":{"start":{"line":165,"column":36},"end":{"line":165,"column":37}},"loc":{"start":{"line":165,"column":42},"end":{"line":168,"column":5}},"line":165}},"branchMap":{"0":{"loc":{"start":{"line":39,"column":6},"end":{"line":39,"column":25}},"type":"if","locations":[{"start":{"line":39,"column":6},"end":{"line":39,"column":25}},{"start":{},"end":{}}],"line":39},"1":{"loc":{"start":{"line":40,"column":6},"end":{"line":44,"column":7}},"type":"if","locations":[{"start":{"line":40,"column":6},"end":{"line":44,"column":7}},{"start":{},"end":{}}],"line":40},"2":{"loc":{"start":{"line":54,"column":10},"end":{"line":54,"column":29}},"type":"if","locations":[{"start":{"line":54,"column":10},"end":{"line":54,"column":29}},{"start":{},"end":{}}],"line":54},"3":{"loc":{"start":{"line":71,"column":14},"end":{"line":71,"column":33}},"type":"if","locations":[{"start":{"line":71,"column":14},"end":{"line":71,"column":33}},{"start":{},"end":{}}],"line":71},"4":{"loc":{"start":{"line":96,"column":6},"end":{"line":96,"column":25}},"type":"if","locations":[{"start":{"line":96,"column":6},"end":{"line":96,"column":25}},{"start":{},"end":{}}],"line":96},"5":{"loc":{"start":{"line":97,"column":6},"end":{"line":101,"column":7}},"type":"if","locations":[{"start":{"line":97,"column":6},"end":{"line":101,"column":7}},{"start":{},"end":{}}],"line":97},"6":{"loc":{"start":{"line":107,"column":6},"end":{"line":111,"column":7}},"type":"if","locations":[{"start":{"line":107,"column":6},"end":{"line":111,"column":7}},{"start":{},"end":{}}],"line":107},"7":{"loc":{"start":{"line":131,"column":2},"end":{"line":133,"column":3}},"type":"if","locations":[{"start":{"line":131,"column":2},"end":{"line":133,"column":3}},{"start":{},"end":{}}],"line":131},"8":{"loc":{"start":{"line":139,"column":6},"end":{"line":144,"column":7}},"type":"if","locations":[{"start":{"line":139,"column":6},"end":{"line":144,"column":7}},{"start":{},"end":{}}],"line":139},"9":{"loc":{"start":{"line":146,"column":6},"end":{"line":150,"column":7}},"type":"if","locations":[{"start":{"line":146,"column":6},"end":{"line":150,"column":7}},{"start":{},"end":{}}],"line":146},"10":{"loc":{"start":{"line":160,"column":4},"end":{"line":163,"column":5}},"type":"if","locations":[{"start":{"line":160,"column":4},"end":{"line":163,"column":5}},{"start":{},"end":{}}],"line":160}},"s":{"0":1,"1":1,"2":1,"3":1,"4":1,"5":1,"6":1,"7":1,"8":1,"9":1,"10":1,"11":1,"12":1,"13":1,"14":1,"15":1,"16":1,"17":1,"18":0,"19":1,"20":0,"21":1,"22":1,"23":1,"24":0,"25":1,"26":1,"27":1,"28":1,"29":0,"30":1,"31":1,"32":1,"33":1,"34":1,"35":0,"36":1,"37":0,"38":1,"39":1,"40":1,"41":0,"42":1,"43":1,"44":1,"45":1,"46":0,"47":1,"48":1,"49":0,"50":0,"51":1,"52":0,"53":1,"54":1,"55":1,"56":1,"57":0,"58":0,"59":1,"60":1,"61":1,"62":1},"f":{"0":1,"1":1,"2":1,"3":1,"4":1,"5":1,"6":1,"7":1,"8":1,"9":1,"10":1},"b":{"0":[0,1],"1":[0,1],"2":[0,1],"3":[0,1],"4":[0,1],"5":[0,1],"6":[0,1],"7":[0,1],"8":[0,1],"9":[0,1],"10":[0,1]},"_coverageSchema":"1a1c01bbd47fc00a2c39e90264f33305004495a9","hash":"0c412a753208637ee00c21f69b82d7b2e4a8f69b"}
,"D:\\web\\Internship\\WebMobi\\middleware.js": {"path":"D:\\web\\Internship\\WebMobi\\middleware.js","statementMap":{"0":{"start":{"line":1,"column":12},"end":{"line":1,"column":35}},"1":{"start":{"line":4,"column":19},"end":{"line":4,"column":41}},"2":{"start":{"line":7,"column":24},"end":{"line":34,"column":1}},"3":{"start":{"line":9,"column":14},"end":{"line":9,"column":41}},"4":{"start":{"line":11,"column":2},"end":{"line":13,"column":3}},"5":{"start":{"line":12,"column":4},"end":{"line":12,"column":69}},"6":{"start":{"line":15,"column":2},"end":{"line":33,"column":3}},"7":{"start":{"line":16,"column":4},"end":{"line":16,"column":32}},"8":{"start":{"line":17,"column":4},"end":{"line":19,"column":5}},"9":{"start":{"line":18,"column":6},"end":{"line":18,"column":71}},"10":{"start":{"line":21,"column":20},"end":{"line":21,"column":49}},"11":{"start":{"line":22,"column":4},"end":{"line":24,"column":5}},"12":{"start":{"line":23,"column":6},"end":{"line":23,"column":71}},"13":{"start":{"line":27,"column":4},"end":{"line":27,"column":23}},"14":{"start":{"line":30,"column":4},"end":{"line":30,"column":11}},"15":{"start":{"line":32,"column":4},"end":{"line":32,"column":43}},"16":{"start":{"line":36,"column":0},"end":{"line":36,"column":33}}},"fnMap":{"0":{"name":"(anonymous_0)","decl":{"start":{"line":7,"column":24},"end":{"line":7,"column":25}},"loc":{"start":{"line":7,"column":44},"end":{"line":34,"column":1}},"line":7}},"branchMap":{"0":{"loc":{"start":{"line":11,"column":2},"end":{"line":13,"column":3}},"type":"if","locations":[{"start":{"line":11,"column":2},"end":{"line":13,"column":3}},{"start":{},"end":{}}],"line":11},"1":{"loc":{"start":{"line":17,"column":4},"end":{"line":19,"column":5}},"type":"if","locations":[{"start":{"line":17,"column":4},"end":{"line":19,"column":5}},{"start":{},"end":{}}],"line":17},"2":{"loc":{"start":{"line":22,"column":4},"end":{"line":24,"column":5}},"type":"if","locations":[{"start":{"line":22,"column":4},"end":{"line":24,"column":5}},{"start":{},"end":{}}],"line":22}},"s":{"0":1,"1":1,"2":1,"3":2,"4":2,"5":0,"6":2,"7":2,"8":2,"9":1,"10":1,"11":1,"12":0,"13":1,"14":1,"15":0,"16":1},"f":{"0":2},"b":{"0":[0,2],"1":[1,1],"2":[0,1]},"_coverageSchema":"1a1c01bbd47fc00a2c39e90264f33305004495a9","hash":"f44adfd49bc7d2ee85f3a4e00a0d83a41453ab0d"}
}
