TN:
SF:db.js
FN:21,(anonymous_0)
FN:25,(anonymous_1)
FN:33,(anonymous_2)
FN:44,(anonymous_3)
FN:60,(anonymous_4)
FNF:5
FNH:5
FNDA:1,(anonymous_0)
FNDA:1,(anonymous_1)
FNDA:1,(anonymous_2)
FNDA:1,(anonymous_3)
FNDA:1,(anonymous_4)
DA:1,1
DA:2,1
DA:4,1
DA:7,1
DA:16,1
DA:21,1
DA:23,1
DA:25,1
DA:26,1
DA:27,0
DA:28,0
DA:30,1
DA:33,1
DA:34,1
DA:35,0
DA:36,0
DA:37,0
DA:39,1
DA:42,1
DA:44,1
DA:45,1
DA:46,0
DA:47,0
DA:49,1
DA:52,1
DA:60,1
DA:61,1
DA:62,0
DA:63,0
DA:65,1
DA:66,1
DA:67,1
DA:74,1
LF:33
LH:24
BRDA:26,0,0,0
BRDA:26,0,1,1
BRDA:34,1,0,0
BRDA:34,1,1,1
BRDA:45,2,0,0
BRDA:45,2,1,1
BRDA:61,3,0,0
BRDA:61,3,1,1
BRF:8
BRH:4
end_of_record
TN:
SF:index.js
FN:31,(anonymous_0)
FN:38,(anonymous_1)
FN:53,(anonymous_2)
FN:70,(anonymous_3)
FN:88,(anonymous_4)
FN:95,(anonymous_5)
FN:130,(anonymous_6)
FN:138,(anonymous_7)
FN:158,(anonymous_8)
FN:159,(anonymous_9)
FN:165,(anonymous_10)
FNF:11
FNH:11
FNDA:1,(anonymous_0)
FNDA:1,(anonymous_1)
FNDA:1,(anonymous_2)
FNDA:1,(anonymous_3)
FNDA:1,(anonymous_4)
FNDA:1,(anonymous_5)
FNDA:1,(anonymous_6)
FNDA:1,(anonymous_7)
FNDA:1,(anonymous_8)
FNDA:1,(anonymous_9)
FNDA:1,(anonymous_10)
DA:1,1
DA:2,1
DA:3,1
DA:4,1
DA:5,1
DA:6,1
DA:7,1
DA:8,1
DA:10,1
DA:12,1
DA:13,1
DA:16,1
DA:19,1
DA:28,1
DA:31,1
DA:32,1
DA:35,1
DA:39,1
DA:40,1
DA:41,0
DA:47,1
DA:50,1
DA:54,1
DA:57,1
DA:60,1
DA:67,1
DA:71,1
DA:73,1
DA:88,1
DA:89,1
DA:92,1
DA:96,1
DA:97,1
DA:98,0
DA:103,1
DA:106,1
DA:107,1
DA:108,0
DA:114,1
DA:119,1
DA:130,1
DA:131,1
DA:132,0
DA:135,1
DA:139,1
DA:140,0
DA:141,0
DA:146,1
DA:147,0
DA:152,1
DA:158,1
DA:159,1
DA:160,1
DA:161,0
DA:162,0
DA:165,1
DA:166,1
DA:167,1
DA:172,1
LF:59
LH:50
BRDA:39,0,0,0
BRDA:39,0,1,1
BRDA:40,1,0,0
BRDA:40,1,1,1
BRDA:54,2,0,0
BRDA:54,2,1,1
BRDA:71,3,0,0
BRDA:71,3,1,1
BRDA:96,4,0,0
BRDA:96,4,1,1
BRDA:97,5,0,0
BRDA:97,5,1,1
BRDA:107,6,0,0
BRDA:107,6,1,1
BRDA:131,7,0,0
BRDA:131,7,1,1
BRDA:139,8,0,0
BRDA:139,8,1,1
BRDA:146,9,0,0
BRDA:146,9,1,1
BRDA:160,10,0,0
BRDA:160,10,1,1
BRF:22
BRH:11
end_of_record
TN:
SF:middleware.js
FN:7,(anonymous_0)
FNF:1
FNH:1
FNDA:2,(anonymous_0)
DA:1,1
DA:4,1
DA:7,1
DA:9,2
DA:11,2
DA:12,0
DA:15,2
DA:16,2
DA:17,2
DA:18,1
DA:21,1
DA:22,1
DA:23,0
DA:27,1
DA:30,1
DA:32,0
DA:36,1
LF:17
LH:14
BRDA:11,0,0,0
BRDA:11,0,1,2
BRDA:17,1,0,1
BRDA:17,1,1,1
BRDA:22,2,0,0
BRDA:22,2,1,1
BRF:6
BRH:4
end_of_record
